<?xml version="1.0" encoding="UTF-8"?>
<testsuites name="addMultipleItmsFrmExcel" time="150" tests="1" failures="2" errors="0">
   <testsuite name="addMultipleItmsFrmExcel" tests="1" failures="2" errors="0" time="150" timestamp="2018-11-22 14:27:16" hostname="n9523766 - SEF-PA00122359.qut.edu.au" id="Test Suites/addMultipleItmsFrmExcel">
      <properties>
         <property name="deviceName" value=""/>
         <property name="devicePlatform" value=""/>
         <property name="logFolder" value="H:\\git\\testOrganic\\Reports\\addMultipleItmsFrmExcel\\20181122_142706"/>
         <property name="logFiles" value="H:\\git\\testOrganic\\Reports\\addMultipleItmsFrmExcel\\20181122_142706\\execution0.log"/>
         <property name="attachments" value="H:\\git\\testOrganic\\Reports\\addMultipleItmsFrmExcel\\20181122_142706\\1542860980213.png, H:\\git\\testOrganic\\Reports\\addMultipleItmsFrmExcel\\20181122_142706\\1542860984078.png"/>
         <property name="hostName" value="n9523766 - SEF-PA00122359.qut.edu.au"/>
         <property name="os" value="Windows 7 64bit"/>
         <property name="katalonVersion" value="5.6.0.1"/>
         <property name="browser" value="Chrome 70.0.3538.102"/>
         <property name="hostAddress" value="192.168.43.101"/>
         <property name="sessionId" value="ffcfa189bcb8e93208da7be0dc369fbb"/>
         <property name="seleniumVersion" value="3.7.1"/>
         <property name="proxyInformation" value="ProxyInformation{proxyOption=NO_PROXY, proxyServerType=HTTP, password=, proxyServerAddress=, proxyServerPort=0}"/>
         <property name="platform" value="Windows 7"/>
      </properties>
      <testcase name="Test Cases/login" classname="Test Cases/login" status="FAILED">
         <failure type="FAILED" message="Unable to double click on object 'Object Repository/Page_organic - Stock Registration/td_Stock Registration created' (Root cause: com.kms.katalon.core.webui.exception.WebElementNotFoundException: Web element with id: 'Object Repository/Page_organic - Stock Registration/td_Stock Registration created' located by 'By.xpath: //td[(text() = '

Stock Registration created successfully

' or . = '

Stock Registration created successfully

')]' not found)"/>
         <system-out><![CDATA[2018-11-22 14:27:19 - [TEST_CASE][FAILED] - Test Cases/login: Test Cases/login FAILED because (of) Unable to double click on object 'Object Repository/Page_organic - Stock Registration/td_Stock Registration created' (Root cause: com.kms.katalon.core.webui.exception.WebElementNotFoundException: Web element with id: 'Object Repository/Page_organic - Stock Registration/td_Stock Registration created' located by 'By.xpath: //td[(text() = '

Stock Registration created successfully

' or . = '

Stock Registration created successfully

')]' not found)

2018-11-22 14:27:25 - [TEST_STEP][PASSED] - openBrowser: Browser is opened with url: ''

2018-11-22 14:27:35 - [MESSAGE][PASSED] - Browser is opened with url: ''

2018-11-22 14:27:35 - [TEST_STEP][PASSED] - navigateToUrl: Navigate to 'http://mie.zapto.org:8080/organic/spring_security_login;jsessionid=4283904779A75635F1D16666F08B7643' successfully

2018-11-22 14:27:35 - [MESSAGE][PASSED] - Navigate to 'http://mie.zapto.org:8080/organic/spring_security_login;jsessionid=4283904779A75635F1D16666F08B7643' successfully

2018-11-22 14:27:35 - [TEST_STEP][PASSED] - setText: Text 'boss.organic' is set on object 'Object Repository/Page_Login Page/input_j_username'

2018-11-22 14:27:36 - [MESSAGE][PASSED] - Text 'boss.organic' is set on object 'Object Repository/Page_Login Page/input_j_username'

2018-11-22 14:27:36 - [TEST_STEP][PASSED] - setEncryptedText: Text ****** has been set on object 'Object Repository/Page_Login Page/input_j_password'

2018-11-22 14:27:36 - [MESSAGE][PASSED] - Text ****** has been set on object 'Object Repository/Page_Login Page/input_j_password'

2018-11-22 14:27:36 - [TEST_STEP][PASSED] - click: Object: 'Object Repository/Page_Login Page/input_submit' is clicked on

2018-11-22 14:29:01 - [MESSAGE][PASSED] - Object: 'Object Repository/Page_Login Page/input_submit' is clicked on

2018-11-22 14:29:01 - [TEST_STEP][PASSED] - navigateToUrl: Navigate to 'http://mie.zapto.org:8080/organic/modules/Item' successfully

2018-11-22 14:29:06 - [MESSAGE][PASSED] - Navigate to 'http://mie.zapto.org:8080/organic/modules/Item' successfully

2018-11-22 14:29:06 - [TEST_STEP][FAILED] - Statement - For ([i = 1, i < 10, (i++)]): Unable to double click on object 'Object Repository/Page_organic - Stock Registration/td_Stock Registration created' (Root cause: com.kms.katalon.core.webui.exception.WebElementNotFoundException: Web element with id: 'Object Repository/Page_organic - Stock Registration/td_Stock Registration created' located by 'By.xpath: //td[(text() = '

Stock Registration created successfully

' or . = '

Stock Registration created successfully

')]' not found)

2018-11-22 14:29:06 - [TEST_STEP][PASSED] - click: Object: 'Object Repository/Page_organic - Stock Registration/a_  New' is clicked on

2018-11-22 14:29:06 - [MESSAGE][PASSED] - Object: 'Object Repository/Page_organic - Stock Registration/a_  New' is clicked on

2018-11-22 14:29:06 - [TEST_STEP][PASSED] - setText: Text 'LOLLY POP1' is set on object 'Object Repository/Page_organic - Stock Registration/input_ox_organic_Item__itemNam'

2018-11-22 14:29:07 - [MESSAGE][PASSED] - Text 'LOLLY POP1' is set on object 'Object Repository/Page_organic - Stock Registration/input_ox_organic_Item__itemNam'

2018-11-22 14:29:07 - [TEST_STEP][PASSED] - selectOptionByValue: All options with value '1' are selected in object 'Object Repository/Page_organic - Stock Registration/select_BOTTLES LANKA (PVT) LTD'  using regular expression

2018-11-22 14:29:07 - [MESSAGE][PASSED] - All options with value '1' are selected in object 'Object Repository/Page_organic - Stock Registration/select_BOTTLES LANKA (PVT) LTD'  using regular expression

2018-11-22 14:29:07 - [TEST_STEP][PASSED] - selectOptionByValue: All options with value '12' are selected in object 'Object Repository/Page_organic - Stock Registration/select_05 GallonDispenserNew B'  using regular expression

2018-11-22 14:29:08 - [MESSAGE][PASSED] - All options with value '12' are selected in object 'Object Repository/Page_organic - Stock Registration/select_05 GallonDispenserNew B'  using regular expression

2018-11-22 14:29:08 - [TEST_STEP][PASSED] - setText: Text '10' is set on object 'Object Repository/Page_organic - Stock Registration/input_ox_organic_Item__disc'

2018-11-22 14:29:08 - [MESSAGE][PASSED] - Text '10' is set on object 'Object Repository/Page_organic - Stock Registration/input_ox_organic_Item__disc'

2018-11-22 14:29:08 - [TEST_STEP][PASSED] - click: Object: 'Object Repository/Page_organic - Stock Registration/a_  Save' is clicked on

2018-11-22 14:29:08 - [MESSAGE][PASSED] - Object: 'Object Repository/Page_organic - Stock Registration/a_  Save' is clicked on

2018-11-22 14:29:08 - [TEST_STEP][FAILED] - doubleClick: Unable to double click on object 'Object Repository/Page_organic - Stock Registration/td_Stock Registration created' (Root cause: com.kms.katalon.core.webui.exception.WebElementNotFoundException: Web element with id: 'Object Repository/Page_organic - Stock Registration/td_Stock Registration created' located by 'By.xpath: //td[(text() = '

Stock Registration created successfully

' or . = '

Stock Registration created successfully

')]' not found)

2018-11-22 14:29:40 - [MESSAGE][FAILED] - Unable to double click on object 'Object Repository/Page_organic - Stock Registration/td_Stock Registration created' (Root cause: com.kms.katalon.core.webui.exception.WebElementNotFoundException: Web element with id: 'Object Repository/Page_organic - Stock Registration/td_Stock Registration created' located by 'By.xpath: //td[(text() = '

Stock Registration created successfully

' or . = '

Stock Registration created successfully

')]' not found)
[[ATTACHMENT|H:\\git\\testOrganic\\Reports\\addMultipleItmsFrmExcel\\20181122_142706\\1542860980213.png]]]]></system-out>
         <system-err><![CDATA[2018-11-22 14:27:19 - [TEST_CASE][FAILED] - Test Cases/login: Test Cases/login FAILED because (of) Unable to double click on object 'Object Repository/Page_organic - Stock Registration/td_Stock Registration created' (Root cause: com.kms.katalon.core.webui.exception.WebElementNotFoundException: Web element with id: 'Object Repository/Page_organic - Stock Registration/td_Stock Registration created' located by 'By.xpath: //td[(text() = '

Stock Registration created successfully

' or . = '

Stock Registration created successfully

')]' not found)]]></system-err>
      </testcase>
      <testcase name="Test Cases/addItem" classname="Test Cases/addItem" status="FAILED">
         <failure type="FAILED" message="Unable to select option by value '12' of object 'Object Repository/Page_organic - Stock Registration/select_05 GallonDispenserNew B'  using regular expression (Root cause: org.openqa.selenium.StaleElementReferenceException: stale element reference: element is not attached to the page document
  (Session info: chrome=70.0.3538.102)
  (Driver info: chromedriver=2.35.528161 (5b82f2d2aae0ca24b877009200ced9065a772e73),platform=Windows NT 6.1.7601 SP1 x86_64) (WARNING: The server did not provide any stacktrace information)
Command duration or timeout: 0 milliseconds
For documentation on this error, please visit: http://seleniumhq.org/exceptions/stale_element_reference.html
Build info: version: '3.7.1', revision: '8a0099a', time: '2017-11-06T21:07:36.161Z'
System info: host: 'SEF-PA00122359', ip: '192.168.43.101', os.name: 'Windows 7', os.arch: 'amd64', os.version: '6.1', java.version: '1.8.0_181'
Driver info: com.kms.katalon.selenium.driver.CChromeDriver
Capabilities {acceptInsecureCerts: false, acceptSslCerts: false, applicationCacheEnabled: false, browserConnectionEnabled: false, browserName: chrome, chrome: {chromedriverVersion: 2.35.528161 (5b82f2d2aae0ca..., userDataDir: C:\Users\n9523766\AppData\L...}, cssSelectorsEnabled: true, databaseEnabled: false, handlesAlerts: true, hasTouchScreen: false, javascriptEnabled: true, locationContextEnabled: true, mobileEmulationEnabled: false, nativeEvents: true, networkConnectionEnabled: false, pageLoadStrategy: normal, platform: XP, platformName: XP, rotatable: false, setWindowRect: true, takesHeapSnapshot: true, takesScreenshot: true, unexpectedAlertBehaviour: , unhandledPromptBehavior: , version: 70.0.3538.102, webStorageEnabled: true}
Session ID: ffcfa189bcb8e93208da7be0dc369fbb)"/>
         <system-out><![CDATA[2018-11-22 14:29:40 - [TEST_CASE][FAILED] - Test Cases/addItem: Test Cases/addItem FAILED because (of) Unable to select option by value '12' of object 'Object Repository/Page_organic - Stock Registration/select_05 GallonDispenserNew B'  using regular expression (Root cause: org.openqa.selenium.StaleElementReferenceException: stale element reference: element is not attached to the page document
  (Session info: chrome=70.0.3538.102)
  (Driver info: chromedriver=2.35.528161 (5b82f2d2aae0ca24b877009200ced9065a772e73),platform=Windows NT 6.1.7601 SP1 x86_64) (WARNING: The server did not provide any stacktrace information)
Command duration or timeout: 0 milliseconds
For documentation on this error, please visit: http://seleniumhq.org/exceptions/stale_element_reference.html
Build info: version: '3.7.1', revision: '8a0099a', time: '2017-11-06T21:07:36.161Z'
System info: host: 'SEF-PA00122359', ip: '192.168.43.101', os.name: 'Windows 7', os.arch: 'amd64', os.version: '6.1', java.version: '1.8.0_181'
Driver info: com.kms.katalon.selenium.driver.CChromeDriver
Capabilities {acceptInsecureCerts: false, acceptSslCerts: false, applicationCacheEnabled: false, browserConnectionEnabled: false, browserName: chrome, chrome: {chromedriverVersion: 2.35.528161 (5b82f2d2aae0ca..., userDataDir: C:\Users\n9523766\AppData\L...}, cssSelectorsEnabled: true, databaseEnabled: false, handlesAlerts: true, hasTouchScreen: false, javascriptEnabled: true, locationContextEnabled: true, mobileEmulationEnabled: false, nativeEvents: true, networkConnectionEnabled: false, pageLoadStrategy: normal, platform: XP, platformName: XP, rotatable: false, setWindowRect: true, takesHeapSnapshot: true, takesScreenshot: true, unexpectedAlertBehaviour: , unhandledPromptBehavior: , version: 70.0.3538.102, webStorageEnabled: true}
Session ID: ffcfa189bcb8e93208da7be0dc369fbb)

2018-11-22 14:29:43 - [TEST_STEP][PASSED] - click: Object: 'Object Repository/Page_organic - Stock Registration/a_  New' is clicked on

2018-11-22 14:29:43 - [MESSAGE][PASSED] - Object: 'Object Repository/Page_organic - Stock Registration/a_  New' is clicked on

2018-11-22 14:29:43 - [TEST_STEP][PASSED] - setText: Text 'MOUSE' is set on object 'Object Repository/Page_organic - Stock Registration/input_ox_organic_Item__itemNam'

2018-11-22 14:29:43 - [MESSAGE][PASSED] - Text 'MOUSE' is set on object 'Object Repository/Page_organic - Stock Registration/input_ox_organic_Item__itemNam'

2018-11-22 14:29:43 - [TEST_STEP][PASSED] - selectOptionByValue: All options with value '1' are selected in object 'Object Repository/Page_organic - Stock Registration/select_BOTTLES LANKA (PVT) LTD'  using regular expression

2018-11-22 14:29:43 - [MESSAGE][PASSED] - All options with value '1' are selected in object 'Object Repository/Page_organic - Stock Registration/select_BOTTLES LANKA (PVT) LTD'  using regular expression

2018-11-22 14:29:43 - [TEST_STEP][FAILED] - selectOptionByValue: Unable to select option by value '12' of object 'Object Repository/Page_organic - Stock Registration/select_05 GallonDispenserNew B'  using regular expression (Root cause: org.openqa.selenium.StaleElementReferenceException: stale element reference: element is not attached to the page document
  (Session info: chrome=70.0.3538.102)
  (Driver info: chromedriver=2.35.528161 (5b82f2d2aae0ca24b877009200ced9065a772e73),platform=Windows NT 6.1.7601 SP1 x86_64) (WARNING: The server did not provide any stacktrace information)
Command duration or timeout: 0 milliseconds
For documentation on this error, please visit: http://seleniumhq.org/exceptions/stale_element_reference.html
Build info: version: '3.7.1', revision: '8a0099a', time: '2017-11-06T21:07:36.161Z'
System info: host: 'SEF-PA00122359', ip: '192.168.43.101', os.name: 'Windows 7', os.arch: 'amd64', os.version: '6.1', java.version: '1.8.0_181'
Driver info: com.kms.katalon.selenium.driver.CChromeDriver
Capabilities {acceptInsecureCerts: false, acceptSslCerts: false, applicationCacheEnabled: false, browserConnectionEnabled: false, browserName: chrome, chrome: {chromedriverVersion: 2.35.528161 (5b82f2d2aae0ca..., userDataDir: C:\Users\n9523766\AppData\L...}, cssSelectorsEnabled: true, databaseEnabled: false, handlesAlerts: true, hasTouchScreen: false, javascriptEnabled: true, locationContextEnabled: true, mobileEmulationEnabled: false, nativeEvents: true, networkConnectionEnabled: false, pageLoadStrategy: normal, platform: XP, platformName: XP, rotatable: false, setWindowRect: true, takesHeapSnapshot: true, takesScreenshot: true, unexpectedAlertBehaviour: , unhandledPromptBehavior: , version: 70.0.3538.102, webStorageEnabled: true}
Session ID: ffcfa189bcb8e93208da7be0dc369fbb)

2018-11-22 14:29:44 - [MESSAGE][FAILED] - Unable to select option by value '12' of object 'Object Repository/Page_organic - Stock Registration/select_05 GallonDispenserNew B'  using regular expression (Root cause: org.openqa.selenium.StaleElementReferenceException: stale element reference: element is not attached to the page document
  (Session info: chrome=70.0.3538.102)
  (Driver info: chromedriver=2.35.528161 (5b82f2d2aae0ca24b877009200ced9065a772e73),platform=Windows NT 6.1.7601 SP1 x86_64) (WARNING: The server did not provide any stacktrace information)
Command duration or timeout: 0 milliseconds
For documentation on this error, please visit: http://seleniumhq.org/exceptions/stale_element_reference.html
Build info: version: '3.7.1', revision: '8a0099a', time: '2017-11-06T21:07:36.161Z'
System info: host: 'SEF-PA00122359', ip: '192.168.43.101', os.name: 'Windows 7', os.arch: 'amd64', os.version: '6.1', java.version: '1.8.0_181'
Driver info: com.kms.katalon.selenium.driver.CChromeDriver
Capabilities {acceptInsecureCerts: false, acceptSslCerts: false, applicationCacheEnabled: false, browserConnectionEnabled: false, browserName: chrome, chrome: {chromedriverVersion: 2.35.528161 (5b82f2d2aae0ca..., userDataDir: C:\Users\n9523766\AppData\L...}, cssSelectorsEnabled: true, databaseEnabled: false, handlesAlerts: true, hasTouchScreen: false, javascriptEnabled: true, locationContextEnabled: true, mobileEmulationEnabled: false, nativeEvents: true, networkConnectionEnabled: false, pageLoadStrategy: normal, platform: XP, platformName: XP, rotatable: false, setWindowRect: true, takesHeapSnapshot: true, takesScreenshot: true, unexpectedAlertBehaviour: , unhandledPromptBehavior: , version: 70.0.3538.102, webStorageEnabled: true}
Session ID: ffcfa189bcb8e93208da7be0dc369fbb)
[[ATTACHMENT|H:\\git\\testOrganic\\Reports\\addMultipleItmsFrmExcel\\20181122_142706\\1542860984078.png]]]]></system-out>
         <system-err><![CDATA[2018-11-22 14:29:40 - [TEST_CASE][FAILED] - Test Cases/addItem: Test Cases/addItem FAILED because (of) Unable to select option by value '12' of object 'Object Repository/Page_organic - Stock Registration/select_05 GallonDispenserNew B'  using regular expression (Root cause: org.openqa.selenium.StaleElementReferenceException: stale element reference: element is not attached to the page document
  (Session info: chrome=70.0.3538.102)
  (Driver info: chromedriver=2.35.528161 (5b82f2d2aae0ca24b877009200ced9065a772e73),platform=Windows NT 6.1.7601 SP1 x86_64) (WARNING: The server did not provide any stacktrace information)
Command duration or timeout: 0 milliseconds
For documentation on this error, please visit: http://seleniumhq.org/exceptions/stale_element_reference.html
Build info: version: '3.7.1', revision: '8a0099a', time: '2017-11-06T21:07:36.161Z'
System info: host: 'SEF-PA00122359', ip: '192.168.43.101', os.name: 'Windows 7', os.arch: 'amd64', os.version: '6.1', java.version: '1.8.0_181'
Driver info: com.kms.katalon.selenium.driver.CChromeDriver
Capabilities {acceptInsecureCerts: false, acceptSslCerts: false, applicationCacheEnabled: false, browserConnectionEnabled: false, browserName: chrome, chrome: {chromedriverVersion: 2.35.528161 (5b82f2d2aae0ca..., userDataDir: C:\Users\n9523766\AppData\L...}, cssSelectorsEnabled: true, databaseEnabled: false, handlesAlerts: true, hasTouchScreen: false, javascriptEnabled: true, locationContextEnabled: true, mobileEmulationEnabled: false, nativeEvents: true, networkConnectionEnabled: false, pageLoadStrategy: normal, platform: XP, platformName: XP, rotatable: false, setWindowRect: true, takesHeapSnapshot: true, takesScreenshot: true, unexpectedAlertBehaviour: , unhandledPromptBehavior: , version: 70.0.3538.102, webStorageEnabled: true}
Session ID: ffcfa189bcb8e93208da7be0dc369fbb)]]></system-err>
      </testcase>
      <testcase name="Test Cases/addItem" classname="Test Cases/addItem" status="PASSED">
         <system-out><![CDATA[2018-11-22 14:29:44 - [TEST_CASE][PASSED] - Test Cases/addItem: Test Cases/addItem

2018-11-22 14:29:44 - [TEST_STEP][PASSED] - click: Object: 'Object Repository/Page_organic - Stock Registration/a_  New' is clicked on

2018-11-22 14:29:44 - [MESSAGE][PASSED] - Object: 'Object Repository/Page_organic - Stock Registration/a_  New' is clicked on

2018-11-22 14:29:44 - [TEST_STEP][PASSED] - setText: Text 'PURSE' is set on object 'Object Repository/Page_organic - Stock Registration/input_ox_organic_Item__itemNam'

2018-11-22 14:29:44 - [MESSAGE][PASSED] - Text 'PURSE' is set on object 'Object Repository/Page_organic - Stock Registration/input_ox_organic_Item__itemNam'

2018-11-22 14:29:44 - [TEST_STEP][PASSED] - selectOptionByValue: All options with value '1' are selected in object 'Object Repository/Page_organic - Stock Registration/select_BOTTLES LANKA (PVT) LTD'  using regular expression

2018-11-22 14:29:44 - [MESSAGE][PASSED] - All options with value '1' are selected in object 'Object Repository/Page_organic - Stock Registration/select_BOTTLES LANKA (PVT) LTD'  using regular expression

2018-11-22 14:29:44 - [TEST_STEP][PASSED] - selectOptionByValue: All options with value '12' are selected in object 'Object Repository/Page_organic - Stock Registration/select_05 GallonDispenserNew B'  using regular expression

2018-11-22 14:29:45 - [MESSAGE][PASSED] - All options with value '12' are selected in object 'Object Repository/Page_organic - Stock Registration/select_05 GallonDispenserNew B'  using regular expression

2018-11-22 14:29:45 - [TEST_STEP][PASSED] - setText: Text '10' is set on object 'Object Repository/Page_organic - Stock Registration/input_ox_organic_Item__disc'

2018-11-22 14:29:45 - [MESSAGE][PASSED] - Text '10' is set on object 'Object Repository/Page_organic - Stock Registration/input_ox_organic_Item__disc'

2018-11-22 14:29:45 - [TEST_STEP][PASSED] - click: Object: 'Object Repository/Page_organic - Stock Registration/a_  Save' is clicked on

2018-11-22 14:29:45 - [MESSAGE][PASSED] - Object: 'Object Repository/Page_organic - Stock Registration/a_  Save' is clicked on

2018-11-22 14:29:45 - [TEST_STEP][PASSED] - click: Object: 'Object Repository/Page_organic - Stock Registration/td_Stock Registration created' is clicked on

2018-11-22 14:29:45 - [MESSAGE][PASSED] - Object: 'Object Repository/Page_organic - Stock Registration/td_Stock Registration created' is clicked on]]></system-out>
         <system-err><![CDATA[]]></system-err>
      </testcase>
      <system-out><![CDATA[2018-11-22 14:27:16 - [TEST_SUITE][FAILED] - addMultipleItmsFrmExcel: Test Cases/login FAILED because (of) Unable to double click on object 'Object Repository/Page_organic - Stock Registration/td_Stock Registration created' (Root cause: com.kms.katalon.core.webui.exception.WebElementNotFoundException: Web element with id: 'Object Repository/Page_organic - Stock Registration/td_Stock Registration created' located by 'By.xpath: //td[(text() = '

Stock Registration created successfully

' or . = '

Stock Registration created successfully

')]' not found)]]></system-out>
      <system-err><![CDATA[2018-11-22 14:27:16 - [TEST_SUITE][FAILED] - addMultipleItmsFrmExcel: Test Cases/login FAILED because (of) Unable to double click on object 'Object Repository/Page_organic - Stock Registration/td_Stock Registration created' (Root cause: com.kms.katalon.core.webui.exception.WebElementNotFoundException: Web element with id: 'Object Repository/Page_organic - Stock Registration/td_Stock Registration created' located by 'By.xpath: //td[(text() = '

Stock Registration created successfully

' or . = '

Stock Registration created successfully

')]' not found)]]></system-err>
   </testsuite>
</testsuites>
