<?xml version="1.0" encoding="UTF-8"?>
<testsuites name="addMultipleItmsFrmExcel" time="56" tests="0" failures="3" errors="0">
   <testsuite name="addMultipleItmsFrmExcel" tests="0" failures="3" errors="0" time="56" timestamp="2018-11-22 14:23:52" hostname="n9523766 - SEF-PA00122359.qut.edu.au" id="Test Suites/addMultipleItmsFrmExcel">
      <properties>
         <property name="deviceName" value=""/>
         <property name="devicePlatform" value=""/>
         <property name="logFolder" value="H:\\git\\testOrganic\\Reports\\addMultipleItmsFrmExcel\\20181122_142341"/>
         <property name="logFiles" value="H:\\git\\testOrganic\\Reports\\addMultipleItmsFrmExcel\\20181122_142341\\execution0.log"/>
         <property name="attachments" value=""/>
         <property name="hostName" value="n9523766 - SEF-PA00122359.qut.edu.au"/>
         <property name="os" value="Windows 7 64bit"/>
         <property name="katalonVersion" value="5.6.0.1"/>
         <property name="browser" value="Chrome 70.0.3538.102"/>
         <property name="hostAddress" value="192.168.43.101"/>
         <property name="sessionId" value="110ce4863652f32a5e5e48b0edce2806"/>
         <property name="seleniumVersion" value="3.7.1"/>
         <property name="proxyInformation" value="ProxyInformation{proxyOption=NO_PROXY, proxyServerType=HTTP, password=, proxyServerAddress=, proxyServerPort=0}"/>
         <property name="platform" value="Windows 7"/>
      </properties>
      <testcase name="Test Cases/addItem" classname="Test Cases/addItem" status="FAILED">
         <failure type="FAILED" message="Unable to click on object 'Object Repository/Page_organic - Stock Registration/td_Stock Registration created' (Root cause: org.openqa.selenium.WebDriverException: chrome not reachable
  (Session info: chrome=70.0.3538.102)
  (Driver info: chromedriver=2.35.528161 (5b82f2d2aae0ca24b877009200ced9065a772e73),platform=Windows NT 6.1.7601 SP1 x86_64) (WARNING: The server did not provide any stacktrace information)
Command duration or timeout: 0 milliseconds
Build info: version: '3.7.1', revision: '8a0099a', time: '2017-11-06T21:07:36.161Z'
System info: host: 'SEF-PA00122359', ip: '192.168.43.101', os.name: 'Windows 7', os.arch: 'amd64', os.version: '6.1', java.version: '1.8.0_181'
Driver info: com.kms.katalon.core.webui.driver.ExistingRemoteWebDriver
Capabilities {javascriptEnabled: true, platform: ANY, platformName: ANY}
Session ID: 110ce4863652f32a5e5e48b0edce2806
*** Element info: {Using=xpath, value=//td[(text() = '

Stock Registration created successfully

' or . = '

Stock Registration created successfully

')]})"/>
         <system-out><![CDATA[2018-11-22 14:23:55 - [TEST_CASE][FAILED] - Test Cases/addItem: Test Cases/addItem FAILED because (of) Unable to click on object 'Object Repository/Page_organic - Stock Registration/td_Stock Registration created' (Root cause: org.openqa.selenium.WebDriverException: chrome not reachable
  (Session info: chrome=70.0.3538.102)
  (Driver info: chromedriver=2.35.528161 (5b82f2d2aae0ca24b877009200ced9065a772e73),platform=Windows NT 6.1.7601 SP1 x86_64) (WARNING: The server did not provide any stacktrace information)
Command duration or timeout: 0 milliseconds
Build info: version: '3.7.1', revision: '8a0099a', time: '2017-11-06T21:07:36.161Z'
System info: host: 'SEF-PA00122359', ip: '192.168.43.101', os.name: 'Windows 7', os.arch: 'amd64', os.version: '6.1', java.version: '1.8.0_181'
Driver info: com.kms.katalon.core.webui.driver.ExistingRemoteWebDriver
Capabilities {javascriptEnabled: true, platform: ANY, platformName: ANY}
Session ID: 110ce4863652f32a5e5e48b0edce2806
*** Element info: {Using=xpath, value=//td[(text() = '

Stock Registration created successfully

' or . = '

Stock Registration created successfully

')]})

2018-11-22 14:24:00 - [TEST_STEP][PASSED] - click: Object: 'Object Repository/Page_organic - Stock Registration/a_  New' is clicked on

2018-11-22 14:24:11 - [MESSAGE][PASSED] - Object: 'Object Repository/Page_organic - Stock Registration/a_  New' is clicked on

2018-11-22 14:24:11 - [TEST_STEP][PASSED] - setText: Text '' is set on object 'Object Repository/Page_organic - Stock Registration/input_ox_organic_Item__itemNam'

2018-11-22 14:24:11 - [MESSAGE][PASSED] - Text '' is set on object 'Object Repository/Page_organic - Stock Registration/input_ox_organic_Item__itemNam'

2018-11-22 14:24:11 - [TEST_STEP][PASSED] - selectOptionByValue: All options with value '1' are selected in object 'Object Repository/Page_organic - Stock Registration/select_BOTTLES LANKA (PVT) LTD'  using regular expression

2018-11-22 14:24:11 - [MESSAGE][PASSED] - All options with value '1' are selected in object 'Object Repository/Page_organic - Stock Registration/select_BOTTLES LANKA (PVT) LTD'  using regular expression

2018-11-22 14:24:11 - [TEST_STEP][PASSED] - selectOptionByValue: All options with value '12' are selected in object 'Object Repository/Page_organic - Stock Registration/select_05 GallonDispenserNew B'  using regular expression

2018-11-22 14:24:12 - [MESSAGE][PASSED] - All options with value '12' are selected in object 'Object Repository/Page_organic - Stock Registration/select_05 GallonDispenserNew B'  using regular expression

2018-11-22 14:24:12 - [TEST_STEP][PASSED] - setText: Text '10' is set on object 'Object Repository/Page_organic - Stock Registration/input_ox_organic_Item__disc'

2018-11-22 14:24:12 - [MESSAGE][PASSED] - Text '10' is set on object 'Object Repository/Page_organic - Stock Registration/input_ox_organic_Item__disc'

2018-11-22 14:24:12 - [TEST_STEP][PASSED] - click: Object: 'Object Repository/Page_organic - Stock Registration/a_  Save' is clicked on

2018-11-22 14:24:12 - [MESSAGE][PASSED] - Object: 'Object Repository/Page_organic - Stock Registration/a_  Save' is clicked on

2018-11-22 14:24:12 - [TEST_STEP][FAILED] - click: Unable to click on object 'Object Repository/Page_organic - Stock Registration/td_Stock Registration created' (Root cause: org.openqa.selenium.WebDriverException: chrome not reachable
  (Session info: chrome=70.0.3538.102)
  (Driver info: chromedriver=2.35.528161 (5b82f2d2aae0ca24b877009200ced9065a772e73),platform=Windows NT 6.1.7601 SP1 x86_64) (WARNING: The server did not provide any stacktrace information)
Command duration or timeout: 0 milliseconds
Build info: version: '3.7.1', revision: '8a0099a', time: '2017-11-06T21:07:36.161Z'
System info: host: 'SEF-PA00122359', ip: '192.168.43.101', os.name: 'Windows 7', os.arch: 'amd64', os.version: '6.1', java.version: '1.8.0_181'
Driver info: com.kms.katalon.core.webui.driver.ExistingRemoteWebDriver
Capabilities {javascriptEnabled: true, platform: ANY, platformName: ANY}
Session ID: 110ce4863652f32a5e5e48b0edce2806
*** Element info: {Using=xpath, value=//td[(text() = '

Stock Registration created successfully

' or . = '

Stock Registration created successfully

')]})

2018-11-22 14:24:30 - [MESSAGE][WARNING] - Cannot take screenshot

2018-11-22 14:24:31 - [MESSAGE][FAILED] - Unable to click on object 'Object Repository/Page_organic - Stock Registration/td_Stock Registration created' (Root cause: org.openqa.selenium.WebDriverException: chrome not reachable
  (Session info: chrome=70.0.3538.102)
  (Driver info: chromedriver=2.35.528161 (5b82f2d2aae0ca24b877009200ced9065a772e73),platform=Windows NT 6.1.7601 SP1 x86_64) (WARNING: The server did not provide any stacktrace information)
Command duration or timeout: 0 milliseconds
Build info: version: '3.7.1', revision: '8a0099a', time: '2017-11-06T21:07:36.161Z'
System info: host: 'SEF-PA00122359', ip: '192.168.43.101', os.name: 'Windows 7', os.arch: 'amd64', os.version: '6.1', java.version: '1.8.0_181'
Driver info: com.kms.katalon.core.webui.driver.ExistingRemoteWebDriver
Capabilities {javascriptEnabled: true, platform: ANY, platformName: ANY}
Session ID: 110ce4863652f32a5e5e48b0edce2806
*** Element info: {Using=xpath, value=//td[(text() = '

Stock Registration created successfully

' or . = '

Stock Registration created successfully

')]})]]></system-out>
         <system-err><![CDATA[2018-11-22 14:23:55 - [TEST_CASE][FAILED] - Test Cases/addItem: Test Cases/addItem FAILED because (of) Unable to click on object 'Object Repository/Page_organic - Stock Registration/td_Stock Registration created' (Root cause: org.openqa.selenium.WebDriverException: chrome not reachable
  (Session info: chrome=70.0.3538.102)
  (Driver info: chromedriver=2.35.528161 (5b82f2d2aae0ca24b877009200ced9065a772e73),platform=Windows NT 6.1.7601 SP1 x86_64) (WARNING: The server did not provide any stacktrace information)
Command duration or timeout: 0 milliseconds
Build info: version: '3.7.1', revision: '8a0099a', time: '2017-11-06T21:07:36.161Z'
System info: host: 'SEF-PA00122359', ip: '192.168.43.101', os.name: 'Windows 7', os.arch: 'amd64', os.version: '6.1', java.version: '1.8.0_181'
Driver info: com.kms.katalon.core.webui.driver.ExistingRemoteWebDriver
Capabilities {javascriptEnabled: true, platform: ANY, platformName: ANY}
Session ID: 110ce4863652f32a5e5e48b0edce2806
*** Element info: {Using=xpath, value=//td[(text() = '

Stock Registration created successfully

' or . = '

Stock Registration created successfully

')]})]]></system-err>
      </testcase>
      <testcase name="Test Cases/addItem" classname="Test Cases/addItem" status="FAILED">
         <failure type="FAILED" message="Unable to click on object 'Object Repository/Page_organic - Stock Registration/a_  New' (Root cause: org.openqa.selenium.WebDriverException: chrome not reachable
  (Session info: chrome=70.0.3538.102)
  (Driver info: chromedriver=2.35.528161 (5b82f2d2aae0ca24b877009200ced9065a772e73),platform=Windows NT 6.1.7601 SP1 x86_64) (WARNING: The server did not provide any stacktrace information)
Command duration or timeout: 0 milliseconds
Build info: version: '3.7.1', revision: '8a0099a', time: '2017-11-06T21:07:36.161Z'
System info: host: 'SEF-PA00122359', ip: '192.168.43.101', os.name: 'Windows 7', os.arch: 'amd64', os.version: '6.1', java.version: '1.8.0_181'
Driver info: com.kms.katalon.core.webui.driver.ExistingRemoteWebDriver
Capabilities {javascriptEnabled: true, platform: ANY, platformName: ANY}
Session ID: 110ce4863652f32a5e5e48b0edce2806
*** Element info: {Using=xpath, value=//a[@id = 'ox_organic_Item__Item___new' and @href = concat('javascript:serverjs.executeAction(' , &quot;'&quot; , 'organic' , &quot;'&quot; , ', ' , &quot;'&quot; , 'Item' , &quot;'&quot; , ', ' , &quot;'&quot; , '' , &quot;'&quot; , ', false, ' , &quot;'&quot; , 'Item.new' , &quot;'&quot; , ')') and (text() = '
		
		
						
		     		
				
		
					 				 			
		New
				
	' or . = '
		
		
						
		     		
				
		
					 				 			
		New
				
	')]})"/>
         <system-out><![CDATA[2018-11-22 14:24:31 - [TEST_CASE][FAILED] - Test Cases/addItem: Test Cases/addItem FAILED because (of) Unable to click on object 'Object Repository/Page_organic - Stock Registration/a_  New' (Root cause: org.openqa.selenium.WebDriverException: chrome not reachable
  (Session info: chrome=70.0.3538.102)
  (Driver info: chromedriver=2.35.528161 (5b82f2d2aae0ca24b877009200ced9065a772e73),platform=Windows NT 6.1.7601 SP1 x86_64) (WARNING: The server did not provide any stacktrace information)
Command duration or timeout: 0 milliseconds
Build info: version: '3.7.1', revision: '8a0099a', time: '2017-11-06T21:07:36.161Z'
System info: host: 'SEF-PA00122359', ip: '192.168.43.101', os.name: 'Windows 7', os.arch: 'amd64', os.version: '6.1', java.version: '1.8.0_181'
Driver info: com.kms.katalon.core.webui.driver.ExistingRemoteWebDriver
Capabilities {javascriptEnabled: true, platform: ANY, platformName: ANY}
Session ID: 110ce4863652f32a5e5e48b0edce2806
*** Element info: {Using=xpath, value=//a[@id = 'ox_organic_Item__Item___new' and @href = concat('javascript:serverjs.executeAction(' , "'" , 'organic' , "'" , ', ' , "'" , 'Item' , "'" , ', ' , "'" , '' , "'" , ', false, ' , "'" , 'Item.new' , "'" , ')') and (text() = '
		
		
						
		     		
				
		
					 				 			
		New
				
	' or . = '
		
		
						
		     		
				
		
					 				 			
		New
				
	')]})

2018-11-22 14:24:31 - [TEST_STEP][FAILED] - click: Unable to click on object 'Object Repository/Page_organic - Stock Registration/a_  New' (Root cause: org.openqa.selenium.WebDriverException: chrome not reachable
  (Session info: chrome=70.0.3538.102)
  (Driver info: chromedriver=2.35.528161 (5b82f2d2aae0ca24b877009200ced9065a772e73),platform=Windows NT 6.1.7601 SP1 x86_64) (WARNING: The server did not provide any stacktrace information)
Command duration or timeout: 0 milliseconds
Build info: version: '3.7.1', revision: '8a0099a', time: '2017-11-06T21:07:36.161Z'
System info: host: 'SEF-PA00122359', ip: '192.168.43.101', os.name: 'Windows 7', os.arch: 'amd64', os.version: '6.1', java.version: '1.8.0_181'
Driver info: com.kms.katalon.core.webui.driver.ExistingRemoteWebDriver
Capabilities {javascriptEnabled: true, platform: ANY, platformName: ANY}
Session ID: 110ce4863652f32a5e5e48b0edce2806
*** Element info: {Using=xpath, value=//a[@id = 'ox_organic_Item__Item___new' and @href = concat('javascript:serverjs.executeAction(' , "'" , 'organic' , "'" , ', ' , "'" , 'Item' , "'" , ', ' , "'" , '' , "'" , ', false, ' , "'" , 'Item.new' , "'" , ')') and (text() = '
		
		
						
		     		
				
		
					 				 			
		New
				
	' or . = '
		
		
						
		     		
				
		
					 				 			
		New
				
	')]})

2018-11-22 14:24:39 - [MESSAGE][WARNING] - Cannot take screenshot

2018-11-22 14:24:39 - [MESSAGE][FAILED] - Unable to click on object 'Object Repository/Page_organic - Stock Registration/a_  New' (Root cause: org.openqa.selenium.WebDriverException: chrome not reachable
  (Session info: chrome=70.0.3538.102)
  (Driver info: chromedriver=2.35.528161 (5b82f2d2aae0ca24b877009200ced9065a772e73),platform=Windows NT 6.1.7601 SP1 x86_64) (WARNING: The server did not provide any stacktrace information)
Command duration or timeout: 0 milliseconds
Build info: version: '3.7.1', revision: '8a0099a', time: '2017-11-06T21:07:36.161Z'
System info: host: 'SEF-PA00122359', ip: '192.168.43.101', os.name: 'Windows 7', os.arch: 'amd64', os.version: '6.1', java.version: '1.8.0_181'
Driver info: com.kms.katalon.core.webui.driver.ExistingRemoteWebDriver
Capabilities {javascriptEnabled: true, platform: ANY, platformName: ANY}
Session ID: 110ce4863652f32a5e5e48b0edce2806
*** Element info: {Using=xpath, value=//a[@id = 'ox_organic_Item__Item___new' and @href = concat('javascript:serverjs.executeAction(' , "'" , 'organic' , "'" , ', ' , "'" , 'Item' , "'" , ', ' , "'" , '' , "'" , ', false, ' , "'" , 'Item.new' , "'" , ')') and (text() = '
		
		
						
		     		
				
		
					 				 			
		New
				
	' or . = '
		
		
						
		     		
				
		
					 				 			
		New
				
	')]})]]></system-out>
         <system-err><![CDATA[2018-11-22 14:24:31 - [TEST_CASE][FAILED] - Test Cases/addItem: Test Cases/addItem FAILED because (of) Unable to click on object 'Object Repository/Page_organic - Stock Registration/a_  New' (Root cause: org.openqa.selenium.WebDriverException: chrome not reachable
  (Session info: chrome=70.0.3538.102)
  (Driver info: chromedriver=2.35.528161 (5b82f2d2aae0ca24b877009200ced9065a772e73),platform=Windows NT 6.1.7601 SP1 x86_64) (WARNING: The server did not provide any stacktrace information)
Command duration or timeout: 0 milliseconds
Build info: version: '3.7.1', revision: '8a0099a', time: '2017-11-06T21:07:36.161Z'
System info: host: 'SEF-PA00122359', ip: '192.168.43.101', os.name: 'Windows 7', os.arch: 'amd64', os.version: '6.1', java.version: '1.8.0_181'
Driver info: com.kms.katalon.core.webui.driver.ExistingRemoteWebDriver
Capabilities {javascriptEnabled: true, platform: ANY, platformName: ANY}
Session ID: 110ce4863652f32a5e5e48b0edce2806
*** Element info: {Using=xpath, value=//a[@id = 'ox_organic_Item__Item___new' and @href = concat('javascript:serverjs.executeAction(' , "'" , 'organic' , "'" , ', ' , "'" , 'Item' , "'" , ', ' , "'" , '' , "'" , ', false, ' , "'" , 'Item.new' , "'" , ')') and (text() = '
		
		
						
		     		
				
		
					 				 			
		New
				
	' or . = '
		
		
						
		     		
				
		
					 				 			
		New
				
	')]})]]></system-err>
      </testcase>
      <testcase name="Test Cases/addItem" classname="Test Cases/addItem" status="FAILED">
         <failure type="FAILED" message="Unable to click on object 'Object Repository/Page_organic - Stock Registration/a_  New' (Root cause: org.openqa.selenium.WebDriverException: chrome not reachable
  (Session info: chrome=70.0.3538.102)
  (Driver info: chromedriver=2.35.528161 (5b82f2d2aae0ca24b877009200ced9065a772e73),platform=Windows NT 6.1.7601 SP1 x86_64) (WARNING: The server did not provide any stacktrace information)
Command duration or timeout: 0 milliseconds
Build info: version: '3.7.1', revision: '8a0099a', time: '2017-11-06T21:07:36.161Z'
System info: host: 'SEF-PA00122359', ip: '192.168.43.101', os.name: 'Windows 7', os.arch: 'amd64', os.version: '6.1', java.version: '1.8.0_181'
Driver info: com.kms.katalon.core.webui.driver.ExistingRemoteWebDriver
Capabilities {javascriptEnabled: true, platform: ANY, platformName: ANY}
Session ID: 110ce4863652f32a5e5e48b0edce2806
*** Element info: {Using=xpath, value=//a[@id = 'ox_organic_Item__Item___new' and @href = concat('javascript:serverjs.executeAction(' , &quot;'&quot; , 'organic' , &quot;'&quot; , ', ' , &quot;'&quot; , 'Item' , &quot;'&quot; , ', ' , &quot;'&quot; , '' , &quot;'&quot; , ', false, ' , &quot;'&quot; , 'Item.new' , &quot;'&quot; , ')') and (text() = '
		
		
						
		     		
				
		
					 				 			
		New
				
	' or . = '
		
		
						
		     		
				
		
					 				 			
		New
				
	')]})"/>
         <system-out><![CDATA[2018-11-22 14:24:39 - [TEST_CASE][FAILED] - Test Cases/addItem: Test Cases/addItem FAILED because (of) Unable to click on object 'Object Repository/Page_organic - Stock Registration/a_  New' (Root cause: org.openqa.selenium.WebDriverException: chrome not reachable
  (Session info: chrome=70.0.3538.102)
  (Driver info: chromedriver=2.35.528161 (5b82f2d2aae0ca24b877009200ced9065a772e73),platform=Windows NT 6.1.7601 SP1 x86_64) (WARNING: The server did not provide any stacktrace information)
Command duration or timeout: 0 milliseconds
Build info: version: '3.7.1', revision: '8a0099a', time: '2017-11-06T21:07:36.161Z'
System info: host: 'SEF-PA00122359', ip: '192.168.43.101', os.name: 'Windows 7', os.arch: 'amd64', os.version: '6.1', java.version: '1.8.0_181'
Driver info: com.kms.katalon.core.webui.driver.ExistingRemoteWebDriver
Capabilities {javascriptEnabled: true, platform: ANY, platformName: ANY}
Session ID: 110ce4863652f32a5e5e48b0edce2806
*** Element info: {Using=xpath, value=//a[@id = 'ox_organic_Item__Item___new' and @href = concat('javascript:serverjs.executeAction(' , "'" , 'organic' , "'" , ', ' , "'" , 'Item' , "'" , ', ' , "'" , '' , "'" , ', false, ' , "'" , 'Item.new' , "'" , ')') and (text() = '
		
		
						
		     		
				
		
					 				 			
		New
				
	' or . = '
		
		
						
		     		
				
		
					 				 			
		New
				
	')]})

2018-11-22 14:24:39 - [TEST_STEP][FAILED] - click: Unable to click on object 'Object Repository/Page_organic - Stock Registration/a_  New' (Root cause: org.openqa.selenium.WebDriverException: chrome not reachable
  (Session info: chrome=70.0.3538.102)
  (Driver info: chromedriver=2.35.528161 (5b82f2d2aae0ca24b877009200ced9065a772e73),platform=Windows NT 6.1.7601 SP1 x86_64) (WARNING: The server did not provide any stacktrace information)
Command duration or timeout: 0 milliseconds
Build info: version: '3.7.1', revision: '8a0099a', time: '2017-11-06T21:07:36.161Z'
System info: host: 'SEF-PA00122359', ip: '192.168.43.101', os.name: 'Windows 7', os.arch: 'amd64', os.version: '6.1', java.version: '1.8.0_181'
Driver info: com.kms.katalon.core.webui.driver.ExistingRemoteWebDriver
Capabilities {javascriptEnabled: true, platform: ANY, platformName: ANY}
Session ID: 110ce4863652f32a5e5e48b0edce2806
*** Element info: {Using=xpath, value=//a[@id = 'ox_organic_Item__Item___new' and @href = concat('javascript:serverjs.executeAction(' , "'" , 'organic' , "'" , ', ' , "'" , 'Item' , "'" , ', ' , "'" , '' , "'" , ', false, ' , "'" , 'Item.new' , "'" , ')') and (text() = '
		
		
						
		     		
				
		
					 				 			
		New
				
	' or . = '
		
		
						
		     		
				
		
					 				 			
		New
				
	')]})

2018-11-22 14:24:47 - [MESSAGE][WARNING] - Cannot take screenshot

2018-11-22 14:24:47 - [MESSAGE][FAILED] - Unable to click on object 'Object Repository/Page_organic - Stock Registration/a_  New' (Root cause: org.openqa.selenium.WebDriverException: chrome not reachable
  (Session info: chrome=70.0.3538.102)
  (Driver info: chromedriver=2.35.528161 (5b82f2d2aae0ca24b877009200ced9065a772e73),platform=Windows NT 6.1.7601 SP1 x86_64) (WARNING: The server did not provide any stacktrace information)
Command duration or timeout: 0 milliseconds
Build info: version: '3.7.1', revision: '8a0099a', time: '2017-11-06T21:07:36.161Z'
System info: host: 'SEF-PA00122359', ip: '192.168.43.101', os.name: 'Windows 7', os.arch: 'amd64', os.version: '6.1', java.version: '1.8.0_181'
Driver info: com.kms.katalon.core.webui.driver.ExistingRemoteWebDriver
Capabilities {javascriptEnabled: true, platform: ANY, platformName: ANY}
Session ID: 110ce4863652f32a5e5e48b0edce2806
*** Element info: {Using=xpath, value=//a[@id = 'ox_organic_Item__Item___new' and @href = concat('javascript:serverjs.executeAction(' , "'" , 'organic' , "'" , ', ' , "'" , 'Item' , "'" , ', ' , "'" , '' , "'" , ', false, ' , "'" , 'Item.new' , "'" , ')') and (text() = '
		
		
						
		     		
				
		
					 				 			
		New
				
	' or . = '
		
		
						
		     		
				
		
					 				 			
		New
				
	')]})]]></system-out>
         <system-err><![CDATA[2018-11-22 14:24:39 - [TEST_CASE][FAILED] - Test Cases/addItem: Test Cases/addItem FAILED because (of) Unable to click on object 'Object Repository/Page_organic - Stock Registration/a_  New' (Root cause: org.openqa.selenium.WebDriverException: chrome not reachable
  (Session info: chrome=70.0.3538.102)
  (Driver info: chromedriver=2.35.528161 (5b82f2d2aae0ca24b877009200ced9065a772e73),platform=Windows NT 6.1.7601 SP1 x86_64) (WARNING: The server did not provide any stacktrace information)
Command duration or timeout: 0 milliseconds
Build info: version: '3.7.1', revision: '8a0099a', time: '2017-11-06T21:07:36.161Z'
System info: host: 'SEF-PA00122359', ip: '192.168.43.101', os.name: 'Windows 7', os.arch: 'amd64', os.version: '6.1', java.version: '1.8.0_181'
Driver info: com.kms.katalon.core.webui.driver.ExistingRemoteWebDriver
Capabilities {javascriptEnabled: true, platform: ANY, platformName: ANY}
Session ID: 110ce4863652f32a5e5e48b0edce2806
*** Element info: {Using=xpath, value=//a[@id = 'ox_organic_Item__Item___new' and @href = concat('javascript:serverjs.executeAction(' , "'" , 'organic' , "'" , ', ' , "'" , 'Item' , "'" , ', ' , "'" , '' , "'" , ', false, ' , "'" , 'Item.new' , "'" , ')') and (text() = '
		
		
						
		     		
				
		
					 				 			
		New
				
	' or . = '
		
		
						
		     		
				
		
					 				 			
		New
				
	')]})]]></system-err>
      </testcase>
      <system-out><![CDATA[2018-11-22 14:23:52 - [TEST_SUITE][FAILED] - addMultipleItmsFrmExcel: Test Cases/addItem FAILED because (of) Unable to click on object 'Object Repository/Page_organic - Stock Registration/td_Stock Registration created' (Root cause: org.openqa.selenium.WebDriverException: chrome not reachable
  (Session info: chrome=70.0.3538.102)
  (Driver info: chromedriver=2.35.528161 (5b82f2d2aae0ca24b877009200ced9065a772e73),platform=Windows NT 6.1.7601 SP1 x86_64) (WARNING: The server did not provide any stacktrace information)
Command duration or timeout: 0 milliseconds
Build info: version: '3.7.1', revision: '8a0099a', time: '2017-11-06T21:07:36.161Z'
System info: host: 'SEF-PA00122359', ip: '192.168.43.101', os.name: 'Windows 7', os.arch: 'amd64', os.version: '6.1', java.version: '1.8.0_181'
Driver info: com.kms.katalon.core.webui.driver.ExistingRemoteWebDriver
Capabilities {javascriptEnabled: true, platform: ANY, platformName: ANY}
Session ID: 110ce4863652f32a5e5e48b0edce2806
*** Element info: {Using=xpath, value=//td[(text() = '

Stock Registration created successfully

' or . = '

Stock Registration created successfully

')]})]]></system-out>
      <system-err><![CDATA[2018-11-22 14:23:52 - [TEST_SUITE][FAILED] - addMultipleItmsFrmExcel: Test Cases/addItem FAILED because (of) Unable to click on object 'Object Repository/Page_organic - Stock Registration/td_Stock Registration created' (Root cause: org.openqa.selenium.WebDriverException: chrome not reachable
  (Session info: chrome=70.0.3538.102)
  (Driver info: chromedriver=2.35.528161 (5b82f2d2aae0ca24b877009200ced9065a772e73),platform=Windows NT 6.1.7601 SP1 x86_64) (WARNING: The server did not provide any stacktrace information)
Command duration or timeout: 0 milliseconds
Build info: version: '3.7.1', revision: '8a0099a', time: '2017-11-06T21:07:36.161Z'
System info: host: 'SEF-PA00122359', ip: '192.168.43.101', os.name: 'Windows 7', os.arch: 'amd64', os.version: '6.1', java.version: '1.8.0_181'
Driver info: com.kms.katalon.core.webui.driver.ExistingRemoteWebDriver
Capabilities {javascriptEnabled: true, platform: ANY, platformName: ANY}
Session ID: 110ce4863652f32a5e5e48b0edce2806
*** Element info: {Using=xpath, value=//td[(text() = '

Stock Registration created successfully

' or . = '

Stock Registration created successfully

')]})]]></system-err>
   </testsuite>
</testsuites>
